<?xml version="1.0" encoding="UTF-8"?>
<!-- Generated by org.testng.reporters.JUnitXMLReporter -->
<testsuite hostname="LAPTOP-6C7PHFIK" ignored="4" name="Command line test" tests="3" failures="0" timestamp="22 Jun 2022 06:19:49 GMT" time="90.017" errors="0">
  <testcase name="createcontactverifyTest" time="17.309" classname="com.crm.contacts1.CreateContactsAndVerifyTest"/>
  <testcase name="createorgandverifyTest" time="17.836" classname="com.crm.Organisation.CreateOrginizationAndVerifyTest"/>
  <testcase name="CreateOrginizationWithIndustry" time="18.274" classname="com.crm.Organisation.CreateOrginizationWithIndustryAndVerifyTest"/>
  <testcase name="@BeforeSuite dbconnect" time="0.0" classname="Com.Crm.GenericUtilities.BaseClass">
    <ignored/>
  </testcase> <!-- @BeforeSuite dbconnect -->
  <testcase name="@BeforeSuite dbconnect" time="0.0" classname="Com.Crm.GenericUtilities.BaseClass">
    <ignored/>
  </testcase> <!-- @BeforeSuite dbconnect -->
  <testcase name="@AfterSuite closeDBconfig" time="0.0" classname="Com.Crm.GenericUtilities.BaseClass">
    <ignored/>
  </testcase> <!-- @AfterSuite closeDBconfig -->
  <testcase name="@AfterSuite closeDBconfig" time="0.0" classname="Com.Crm.GenericUtilities.BaseClass">
    <ignored/>
  </testcase> <!-- @AfterSuite closeDBconfig -->
</testsuite> <!-- Command line test -->
