<?xml version="1.0" encoding="UTF-8"?>
<!-- Generated by org.testng.reporters.JUnitXMLReporter -->
<testsuite ignored="4" hostname="LAPTOP-6C7PHFIK" failures="0" tests="3" name="Test" time="81.248" errors="0" timestamp="16 Jun 2022 10:47:13 GMT">
  <testcase classname="com.crm.contacts1.CreateContactsAndVerifyTest" name="createcontactverifyTest" time="17.183"/>
  <testcase classname="com.crm.Organisation.CreateOrginizationAndVerifyTest" name="createorgandverifyTest" time="17.56"/>
  <testcase classname="com.crm.Organisation.CreateOrginizationWithIndustryAndVerifyTest" name="CreateOrginizationWithIndustry" time="17.615"/>
  <testcase classname="Com.Crm.GenericUtilities.BaseClass" name="@BeforeSuite dbconnect" time="0.0">
    <ignored/>
  </testcase> <!-- @BeforeSuite dbconnect -->
  <testcase classname="Com.Crm.GenericUtilities.BaseClass" name="@BeforeSuite dbconnect" time="0.0">
    <ignored/>
  </testcase> <!-- @BeforeSuite dbconnect -->
  <testcase classname="Com.Crm.GenericUtilities.BaseClass" name="@AfterSuite closeDBconfig" time="0.0">
    <ignored/>
  </testcase> <!-- @AfterSuite closeDBconfig -->
  <testcase classname="Com.Crm.GenericUtilities.BaseClass" name="@AfterSuite closeDBconfig" time="0.0">
    <ignored/>
  </testcase> <!-- @AfterSuite closeDBconfig -->
</testsuite> <!-- Test -->
